<?xml version="1.0" encoding="UTF-8"?>
<testsuite name="AlgoMinPrioQueueTest" tests="3" skipped="0" failures="0" errors="0" timestamp="2019-06-18T14:14:40" hostname="SwagaDagaMasta" time="0.011">
  <properties/>
  <testcase name="minimumPriorityQueueTest" classname="AlgoMinPrioQueueTest" time="0.007"/>
  <testcase name="resizeMethodWorksCorrectly" classname="AlgoMinPrioQueueTest" time="0.0"/>
  <testcase name="constructorSetCorrectValues" classname="AlgoMinPrioQueueTest" time="0.001"/>
  <system-out><![CDATA[]]></system-out>
  <system-err><![CDATA[]]></system-err>
</testsuite>
