<?xml version="1.0" encoding="UTF-8"?>
<testsuite name="AlgoMinPrioQueueTest" tests="3" skipped="0" failures="0" errors="0" timestamp="2019-06-18T08:50:19" hostname="SwagaDagaMasta" time="0.006">
  <properties/>
  <testcase name="constructorSetCorrectValues" classname="AlgoMinPrioQueueTest" time="0.003"/>
  <testcase name="resizeMethodWorksCorrectly" classname="AlgoMinPrioQueueTest" time="0.001"/>
  <testcase name="minimumPriorityQueueTest" classname="AlgoMinPrioQueueTest" time="0.0"/>
  <system-out><![CDATA[]]></system-out>
  <system-err><![CDATA[]]></system-err>
</testsuite>
