<?xml version="1.0" encoding="UTF-8"?>
<testsuite name="AlgoSetTest" tests="4" skipped="0" failures="0" errors="0" timestamp="2019-06-18T14:14:40" hostname="SwagaDagaMasta" time="0.01">
  <properties/>
  <testcase name="constructorSetCorrectValues" classname="AlgoSetTest" time="0.002"/>
  <testcase name="addingToSetAvoidsDublicates" classname="AlgoSetTest" time="0.001"/>
  <testcase name="containsMethodTest" classname="AlgoSetTest" time="0.002"/>
  <testcase name="growsSizeWithCorrectAlfaValue" classname="AlgoSetTest" time="0.002"/>
  <system-out><![CDATA[]]></system-out>
  <system-err><![CDATA[]]></system-err>
</testsuite>
