<?xml version="1.0" encoding="UTF-8"?>
<testsuite name="DijkstraTest" tests="2" skipped="0" failures="0" errors="0" timestamp="2019-06-17T13:25:17" hostname="SwagaDagaMasta" time="0.006">
  <properties/>
  <testcase name="findPathTrue" classname="DijkstraTest" time="0.006"/>
  <testcase name="findPathFalse" classname="DijkstraTest" time="0.0"/>
  <system-out><![CDATA[]]></system-out>
  <system-err><![CDATA[]]></system-err>
</testsuite>
