<?xml version="1.0" encoding="UTF-8"?>
<testsuite name="AlgoSetTest" tests="4" skipped="0" failures="0" errors="0" timestamp="2019-06-17T13:25:17" hostname="SwagaDagaMasta" time="0.007">
  <properties/>
  <testcase name="constructorSetCorrectValues" classname="AlgoSetTest" time="0.005"/>
  <testcase name="containsMethodTest" classname="AlgoSetTest" time="0.0"/>
  <testcase name="growsSizeWithCorrectAlfaValue" classname="AlgoSetTest" time="0.0"/>
  <testcase name="addingToSetAvoidsDublicates" classname="AlgoSetTest" time="0.0"/>
  <system-out><![CDATA[]]></system-out>
  <system-err><![CDATA[]]></system-err>
</testsuite>
