<?xml version="1.0" encoding="UTF-8"?>
<testsuite name="DijkstraTest" tests="2" skipped="0" failures="0" errors="0" timestamp="2019-06-18T14:14:40" hostname="SwagaDagaMasta" time="0.004">
  <properties/>
  <testcase name="findPathTrue" classname="DijkstraTest" time="0.003"/>
  <testcase name="findPathFalse" classname="DijkstraTest" time="0.001"/>
  <system-out><![CDATA[]]></system-out>
  <system-err><![CDATA[]]></system-err>
</testsuite>
